<?xml version="1.0" encoding="UTF-8"?>
<testsuite xmlns:xsi="http://www.w3.org/2001/XMLSchema-instance" xsi:noNamespaceSchemaLocation="https://maven.apache.org/surefire/maven-surefire-plugin/xsd/surefire-test-report-3.0.xsd" version="3.0" name="com.hypad.product_service.ProductServiceApplicationTests" time="21.228" tests="1" errors="1" skipped="0" failures="0">
  <properties>
[...]
</properties>
  <testcase name="" classname="com.hypad.product_service.ProductServiceApplicationTests" time="21.228">
    <error message="Could not find a valid Docker environment. Please see logs and check configuration" type="java.lang.IllegalStateException"><![CDATA[java.lang.IllegalStateException: Could not find a valid Docker environment. Please see logs and check configuration
	at org.testcontainers.dockerclient.DockerClientProviderStrategy.lambda$getFirstValidStrategy$7(DockerClientProviderStrategy.java:277)
	at java.base/java.util.Optional.orElseThrow(Optional.java:403)
	at org.testcontainers.dockerclient.DockerClientProviderStrategy.getFirstValidStrategy(DockerClientProviderStrategy.java:268)
	at org.testcontainers.DockerClientFactory.getOrInitializeStrategy(DockerClientFactory.java:152)
	at org.testcontainers.DockerClientFactory.client(DockerClientFactory.java:194)
	at org.testcontainers.DockerClientFactory$1.getDockerClient(DockerClientFactory.java:106)
	at com.github.dockerjava.api.DockerClientDelegate.authConfig(DockerClientDelegate.java:109)
	at org.testcontainers.containers.GenericContainer.start(GenericContainer.java:329)
	at org.testcontainers.junit.jupiter.TestcontainersExtension$StoreAdapter.start(TestcontainersExtension.java:280)
	at org.testcontainers.junit.jupiter.TestcontainersExtension$StoreAdapter.access$200(TestcontainersExtension.java:267)
	at org.testcontainers.junit.jupiter.TestcontainersExtension.lambda$null$4(TestcontainersExtension.java:82)
	at org.testcontainers.junit.jupiter.TestcontainersExtension.lambda$startContainers$5(TestcontainersExtension.java:82)
	at java.base/java.util.ArrayList.forEach(ArrayList.java:1596)
	at org.testcontainers.junit.jupiter.TestcontainersExtension.startContainers(TestcontainersExtension.java:82)
	at org.testcontainers.junit.jupiter.TestcontainersExtension.beforeAll(TestcontainersExtension.java:56)
	at java.base/java.util.ArrayList.forEach(ArrayList.java:1596)
]]></error>
    <system-out><![CDATA[16:53:13.255 [main] INFO org.springframework.test.context.support.AnnotationConfigContextLoaderUtils -- Could not detect default configuration classes for test class [com.hypad.product_service.ProductServiceApplicationTests]: ProductServiceApplicationTests does not declare any static, non-private, non-final, nested classes annotated with @Configuration.
16:53:16.802 [main] INFO org.springframework.boot.test.context.SpringBootTestContextBootstrapper -- Found @SpringBootConfiguration com.hypad.product_service.ProductServiceApplication for test class com.hypad.product_service.ProductServiceApplicationTests
16:53:21.478 [main] INFO org.testcontainers.images.PullPolicy -- Image pull policy will be performed by: DefaultPullPolicy()
16:53:21.597 [main] INFO org.testcontainers.utility.ImageNameSubstitutor -- Image name substitution will be performed by: DefaultImageNameSubstitutor (composite of 'ConfigurationFileImageNameSubstitutor' and 'PrefixingImageNameSubstitutor')
16:53:28.961 [main] INFO org.testcontainers.dockerclient.DockerClientProviderStrategy -- Loaded org.testcontainers.dockerclient.NpipeSocketClientProviderStrategy from ~/.testcontainers.properties, will try it first
16:53:29.210 [main] INFO org.testcontainers.dockerclient.DockerMachineClientProviderStrategy -- docker-machine executable was not found on PATH ([C:\Program Files\Common Files\Oracle\Java\javapath, C:\Python311\Scripts\, C:\Python311\, C:\Program Files (x86)\Common Files\Oracle\Java\javapath, C:\Windows\system32, C:\Windows, C:\Windows\System32\Wbem, C:\Windows\System32\WindowsPowerShell\v1.0\, C:\Windows\System32\OpenSSH\, C:\Program Files\NVIDIA Corporation\NVIDIA NvDLISR, C:\Program Files (x86)\NVIDIA Corporation\PhysX\Common, C:\Program Files\dotnet\, C:\Program Files\Git\cmd, C:\opt\apache-maven-3.9.3\bin, C:\Program Files\nodejs\, C:\ProgramData\chocolatey\bin, C:\Program Files\Docker\Docker\resources\bin, C:\ProgramData\DockerDesktop\version-bin, C:\Program Files\Java\jdk-17\bin, C:\Program Files\Java\jre-9.0.1, C:\Users\aloxa\Downloads\openjfx-17.0.10_windows-x64_bin-sdk\javafx-sdk-17.0.10\bin, C:\msys64\ucrt64\bin, C:\Program Files (x86)\Windows Kits\10\Windows Performance Toolkit\, C:\Program Files\PostgreSQL\16\bin, C:\Program Files\MongoDB\Server\7.0\bin, C:\Users\aloxa\AppData\Local\Microsoft\WindowsApps, D:\vsCode\Microsoft VS Code\bin, C:\Users\aloxa\.dotnet\tools, C:\Users\aloxa\AppData\Local\GitHubDesktop\bin, C:\msys64\ucrt64\bin, C:\Users\aloxa\AppData\Roaming\npm, C:\Program Files\JetBrains\PyCharm 2023.2.5\bin, D:\Fiddler, C:\Users\aloxa\.dotnet\tools, C:\Program Files\PostgreSQL\16\bin, , D:\intelU\IntelliJ IDEA 2024.1.2\bin])
16:53:29.228 [main] ERROR org.testcontainers.dockerclient.DockerClientProviderStrategy -- Could not find a valid Docker environment. Please check configuration. Attempted configurations were:
As no valid configuration was found, execution cannot continue.
See https://java.testcontainers.org/on_failure.html for more details.
]]></system-out>
  </testcase>
</testsuite>